2011-10-22 16:03:50 Error: [MissingControllerException] Controller class ExamplesController could not be found.
#0 /Users/predominant/Projects/sydphp/website/webroot/index.php(96): Dispatcher->dispatch(Object(CakeRequest), Object(CakeResponse))
#1 /Users/predominant/Projects/sydphp/website/index.php(17): require('/Users/predomin...')
#2 {main}
2011-10-22 16:03:53 Error: [MissingControllerException] Controller class CssController could not be found.
#0 /Users/predominant/Projects/sydphp/website/webroot/index.php(96): Dispatcher->dispatch(Object(CakeRequest), Object(CakeResponse))
#1 /Users/predominant/Projects/sydphp/website/index.php(17): require('/Users/predomin...')
#2 {main}
2011-10-22 16:03:53 Error: [MissingControllerException] Controller class ImgController could not be found.
#0 /Users/predominant/Projects/sydphp/website/webroot/index.php(96): Dispatcher->dispatch(Object(CakeRequest), Object(CakeResponse))
#1 /Users/predominant/Projects/sydphp/website/index.php(17): require('/Users/predomin...')
#2 {main}
2011-10-22 16:03:55 Error: [MissingControllerException] Controller class CssController could not be found.
#0 /Users/predominant/Projects/sydphp/website/webroot/index.php(96): Dispatcher->dispatch(Object(CakeRequest), Object(CakeResponse))
#1 /Users/predominant/Projects/sydphp/website/index.php(17): require('/Users/predomin...')
#2 {main}
2011-10-22 16:03:55 Error: [MissingControllerException] Controller class ImgController could not be found.
#0 /Users/predominant/Projects/sydphp/website/webroot/index.php(96): Dispatcher->dispatch(Object(CakeRequest), Object(CakeResponse))
#1 /Users/predominant/Projects/sydphp/website/index.php(17): require('/Users/predomin...')
#2 {main}
2011-10-22 16:03:55 Error: [MissingControllerException] Controller class Favicon.icoController could not be found.
#0 /Users/predominant/Projects/sydphp/website/webroot/index.php(96): Dispatcher->dispatch(Object(CakeRequest), Object(CakeResponse))
#1 /Users/predominant/Projects/sydphp/website/index.php(17): require('/Users/predomin...')
#2 {main}
2011-10-22 16:04:36 Error: [MissingControllerException] Controller class CssController could not be found.
#0 /Users/predominant/Projects/sydphp/website/webroot/index.php(96): Dispatcher->dispatch(Object(CakeRequest), Object(CakeResponse))
#1 /Users/predominant/Projects/sydphp/website/index.php(17): require('/Users/predomin...')
#2 {main}
2011-10-22 16:04:36 Error: [MissingControllerException] Controller class ImgController could not be found.
#0 /Users/predominant/Projects/sydphp/website/webroot/index.php(96): Dispatcher->dispatch(Object(CakeRequest), Object(CakeResponse))
#1 /Users/predominant/Projects/sydphp/website/index.php(17): require('/Users/predomin...')
#2 {main}
2011-10-22 16:04:37 Error: [MissingControllerException] Controller class Favicon.icoController could not be found.
#0 /Users/predominant/Projects/sydphp/website/webroot/index.php(96): Dispatcher->dispatch(Object(CakeRequest), Object(CakeResponse))
#1 /Users/predominant/Projects/sydphp/website/index.php(17): require('/Users/predomin...')
#2 {main}
2011-10-22 16:04:40 Error: [MissingControllerException] Controller class Favicon.icoController could not be found.
#0 /Users/predominant/Projects/sydphp/website/webroot/index.php(96): Dispatcher->dispatch(Object(CakeRequest), Object(CakeResponse))
#1 /Users/predominant/Projects/sydphp/website/index.php(17): require('/Users/predomin...')
#2 {main}
2011-10-22 16:04:43 Error: [MissingControllerException] Controller class CssController could not be found.
#0 /Users/predominant/Projects/sydphp/website/webroot/index.php(96): Dispatcher->dispatch(Object(CakeRequest), Object(CakeResponse))
#1 /Users/predominant/Projects/sydphp/website/index.php(17): require('/Users/predomin...')
#2 {main}
2011-10-22 16:04:43 Error: [MissingControllerException] Controller class CssController could not be found.
#0 /Users/predominant/Projects/sydphp/website/webroot/index.php(96): Dispatcher->dispatch(Object(CakeRequest), Object(CakeResponse))
#1 /Users/predominant/Projects/sydphp/website/index.php(17): require('/Users/predomin...')
#2 {main}
2011-10-22 16:04:43 Error: [MissingControllerException] Controller class ImgController could not be found.
#0 /Users/predominant/Projects/sydphp/website/webroot/index.php(96): Dispatcher->dispatch(Object(CakeRequest), Object(CakeResponse))
#1 /Users/predominant/Projects/sydphp/website/index.php(17): require('/Users/predomin...')
#2 {main}
2011-10-22 16:04:43 Error: [MissingControllerException] Controller class Favicon.icoController could not be found.
#0 /Users/predominant/Projects/sydphp/website/webroot/index.php(96): Dispatcher->dispatch(Object(CakeRequest), Object(CakeResponse))
#1 /Users/predominant/Projects/sydphp/website/index.php(17): require('/Users/predomin...')
#2 {main}
2011-10-22 19:12:08 Error: [MissingControllerException] Controller class Phunconf-2.0-logo.pngController could not be found.
#0 /Users/predominant/Projects/sydphp/website/webroot/index.php(96): Dispatcher->dispatch(Object(CakeRequest), Object(CakeResponse))
#1 {main}
2011-10-22 19:12:08 Error: [MissingControllerException] Controller class ImagesController could not be found.
#0 /Users/predominant/Projects/sydphp/website/webroot/index.php(96): Dispatcher->dispatch(Object(CakeRequest), Object(CakeResponse))
#1 {main}
2011-10-22 19:15:13 Error: [MissingControllerException] Controller class Phunconf-2.0-logo.pngController could not be found.
#0 /Users/predominant/Projects/sydphp/website/webroot/index.php(96): Dispatcher->dispatch(Object(CakeRequest), Object(CakeResponse))
#1 {main}
2011-10-22 19:15:14 Error: [MissingControllerException] Controller class ImagesController could not be found.
#0 /Users/predominant/Projects/sydphp/website/webroot/index.php(96): Dispatcher->dispatch(Object(CakeRequest), Object(CakeResponse))
#1 {main}
2011-10-22 19:15:14 Error: [MissingControllerException] Controller class Handelgothic-webfont.woffController could not be found.
#0 /Users/predominant/Projects/sydphp/website/webroot/index.php(96): Dispatcher->dispatch(Object(CakeRequest), Object(CakeResponse))
#1 {main}
2011-10-22 19:15:14 Error: [MissingControllerException] Controller class Handelgothic-webfont.ttfController could not be found.
#0 /Users/predominant/Projects/sydphp/website/webroot/index.php(96): Dispatcher->dispatch(Object(CakeRequest), Object(CakeResponse))
#1 {main}
2011-10-22 19:15:14 Error: [MissingControllerException] Controller class Handelgothic-webfont.svgController could not be found.
#0 /Users/predominant/Projects/sydphp/website/webroot/index.php(96): Dispatcher->dispatch(Object(CakeRequest), Object(CakeResponse))
#1 {main}
2011-10-22 21:59:02 Error: [MissingControllerException] Controller class Phunconf-2.0-logo.pngController could not be found.
#0 /Users/predominant/Projects/sydphp/website/webroot/index.php(96): Dispatcher->dispatch(Object(CakeRequest), Object(CakeResponse))
#1 {main}
2011-10-22 21:59:02 Error: [MissingControllerException] Controller class ImagesController could not be found.
#0 /Users/predominant/Projects/sydphp/website/webroot/index.php(96): Dispatcher->dispatch(Object(CakeRequest), Object(CakeResponse))
#1 {main}
